<?xml version="1.0" encoding="UTF-8"?>
<!-- Generated by org.testng.reporters.JUnitXMLReporter -->
<testsuite ignored="0" hostname="LRIN-QA-03" failures="1" tests="1" name="Default test" time="0.518" errors="0" timestamp="2020-08-17T13:57:49 IST">
  <testcase classname="io.cucumber.testng.AbstractTestNGCucumberTests" name="runScenario" time="0.11">
    <failure type="java.lang.NullPointerException">
      <![CDATA[java.lang.NullPointerException
at utilities.TestBase.OpenBrowser(TestBase.java:36)
at stepDefinitions.LoginSteps.go_to_hosted_page(LoginSteps.java:22)
at ✽.Go to hosted page(file:///C:/Users/ManojSignh/Documents/DarwinBDD/src/test/resources/features/loginss.feature:23)
]]>
    </failure>
  </testcase> <!-- runScenario -->
</testsuite> <!-- Default test -->
