<?xml version="1.0" encoding="UTF-8"?>
<!-- Generated by org.testng.reporters.JUnitXMLReporter -->
<testsuite ignored="0" hostname="LRIN-QA-03" failures="1" tests="1" name="firefoxddd" time="1.168" errors="0" timestamp="2020-08-17T15:52:40 IST">
  <testcase classname="io.cucumber.testng.AbstractTestNGCucumberTests" name="runScenario" time="0.191">
    <failure type="java.lang.Error" message="Unresolved compilation problem: 
	The method OpenBrowser(String) in the type TestBase is not applicable for the arguments ()
">
      <![CDATA[java.lang.Error: Unresolved compilation problem: 
The method OpenBrowser(String) in the type TestBase is not applicable for the arguments ()

at stepDefinitions.LoginSteps.go_to_hosted_page(LoginSteps.java:22)
at ✽.Go to hosted page(file:///C:/Users/ManojSignh/Documents/DarwinBDD/src/test/resources/features/loginss.feature:23)
]]>
    </failure>
  </testcase> <!-- runScenario -->
</testsuite> <!-- firefoxddd -->
