<?xml version="1.0" encoding="UTF-8"?>
<testsuite xmlns:xsi="http://www.w3.org/2001/XMLSchema-instance" xsi:noNamespaceSchemaLocation="https://maven.apache.org/surefire/maven-surefire-plugin/xsd/surefire-test-report.xsd" name="TestSuite" time="9.211" tests="1" errors="0" skipped="0" failures="1">
  <properties>
[...]
</properties>
  <testcase name="runScenario" classname="testRunner.TestRunner" time="7.567">
    <failure type="java.lang.NullPointerException">java.lang.NullPointerException
</failure>
    <system-out><![CDATA[
Scenario: Verify user able to login with valid credentials # src/test/resources/features/loginss.feature:22
  Given Go to hosted page                                  # stepDefinitions.LoginSteps.go_to_hosted_page()
      java.lang.NullPointerException
	at utilities.TestBase.OpenBrowser(TestBase.java:47)
	at stepDefinitions.LoginSteps.go_to_hosted_page(LoginSteps.java:22)
	at âœ½.Go to hosted page(file:///C:/Users/ManojSignh/Documents/DarwinBDD/src/test/resources/features/loginss.feature:23)

  When Enter valid email and password                      # stepDefinitions.LoginSteps.enter_valid_email_and_password()
  And Click login button                                   # stepDefinitions.LoginSteps.click_login_button()
  Then Dashboard should show                               # stepDefinitions.LoginSteps.dashboard_should_show()
]]></system-out>
    <system-err><![CDATA[SLF4J: Failed to load class "org.slf4j.impl.StaticLoggerBinder".
SLF4J: Defaulting to no-operation (NOP) logger implementation
SLF4J: See http://www.slf4j.org/codes.html#StaticLoggerBinder for further details.
1597663193568	geckodriver	INFO	Listening on 127.0.0.1:39310
1597663194667	mozrunner::runner	INFO	Running command: "C:\\Program Files\\Mozilla Firefox\\firefox.exe" "--marionette" "-foreground" "-no-remote" "-profile" "C:\\Users\\MANOJS~1\\AppData\\Local\\Temp\\rust_mozprofilexHZ6db"
JavaScript error: resource://gre/modules/XULStore.jsm, line 66: Error: Can't find profile directory.
console.error: SearchCache: "_readCacheFile: Error reading cache file:" (new Error("", "(unknown module)"))
1597663199835	Marionette	INFO	Listening on port 56141
1597663199902	Marionette	WARN	TLS certificate errors will be ignored for this session
Aug 17, 2020 4:49:59 PM org.openqa.selenium.remote.ProtocolHandshake createSession
INFO: Detected dialect: W3C
]]></system-err>
  </testcase>
</testsuite>