<?xml version="1.0" encoding="UTF-8"?>
<testsuite xmlns:xsi="http://www.w3.org/2001/XMLSchema-instance" xsi:noNamespaceSchemaLocation="https://maven.apache.org/surefire/maven-surefire-plugin/xsd/surefire-test-report.xsd" name="testRunner.TestRunner" time="16.818" tests="1" errors="0" skipped="0" failures="1">
  <properties>
[...]
</properties>
  <testcase name="Verify user able to login with valid credentials" classname="Verify login functionality" time="16.246">
    <failure message="expected:&lt;...spx?return_url=https[]://devadmin-console....&gt; but was:&lt;...spx?return_url=https[1]://devadmin-console....&gt;" type="org.junit.ComparisonFailure"><![CDATA[org.junit.ComparisonFailure: expected:<...spx?return_url=https[]://devadmin-console....> but was:<...spx?return_url=https[1]://devadmin-console....>
]]></failure>
    <system-out><![CDATA[
Scenario: Verify user able to login with valid credentials # src/test/resources/features/loginss.feature:22
  Given Go to hosted page                                  # stepDefinitions.LoginSteps.go_to_hosted_page()
      org.junit.ComparisonFailure: expected:<...spx?return_url=https[]://devadmin-console....> but was:<...spx?return_url=https[1]://devadmin-console....>
	at org.junit.Assert.assertEquals(Assert.java:117)
	at org.junit.Assert.assertEquals(Assert.java:146)
	at utilities.TestBase.OpenBrowser(TestBase.java:52)
	at stepDefinitions.LoginSteps.go_to_hosted_page(LoginSteps.java:21)
	at âœ½.Go to hosted page(file:///C:/Users/ManojSignh/Documents/DarwinBDD/src/test/resources/features/loginss.feature:23)

  When Enter valid email and password                      # stepDefinitions.LoginSteps.enter_valid_email_and_password()
  And Click login button                                   # stepDefinitions.LoginSteps.click_login_button()
  Then Dashboard should show                               # stepDefinitions.LoginSteps.dashboard_should_show()
]]></system-out>
    <system-err><![CDATA[Starting ChromeDriver 84.0.4147.30 (48b3e868b4cc0aa7e8149519690b6f6949e110a8-refs/branch-heads/4147@{#310}) on port 35135
Only local connections are allowed.
Please see https://chromedriver.chromium.org/security-considerations for suggestions on keeping ChromeDriver safe.
ChromeDriver was started successfully.
Aug 13, 2020 3:05:10 PM org.openqa.selenium.remote.ProtocolHandshake createSession
INFO: Detected dialect: W3C
]]></system-err>
  </testcase>
</testsuite>