-------------------------------------------------------------------------------
Test set: testRunner.TestRunner
-------------------------------------------------------------------------------
Tests run: 1, Failures: 1, Errors: 0, Skipped: 0, Time elapsed: 16.818 s <<< FAILURE! - in testRunner.TestRunner
Verify user able to login with valid credentials(Verify login functionality)  Time elapsed: 16.246 s  <<< FAILURE!
org.junit.ComparisonFailure: expected:<...spx?return_url=https[]://devadmin-console....> but was:<...spx?return_url=https[1]://devadmin-console....>

