<?xml version="1.0" encoding="UTF-8"?>
<!-- Generated by org.testng.reporters.JUnitReportReporter -->
<testsuite hostname="LRIN-QA-03" failures="0" tests="1" name="testRunner.TestRunner" time="7.555" errors="1" timestamp="2020-08-17T16:50:00 IST" skipped="0">
  <testcase classname="testRunner.TestRunner" name="runScenario" time="7.555">
    <error type="java.lang.NullPointerException">
      <![CDATA[java.lang.NullPointerException
at utilities.TestBase.OpenBrowser(TestBase.java:47)
at stepDefinitions.LoginSteps.go_to_hosted_page(LoginSteps.java:22)
at ✽.Go to hosted page(file:///C:/Users/ManojSignh/Documents/DarwinBDD/src/test/resources/features/loginss.feature:23)
]]>
    </error>
  </testcase> <!-- runScenario -->
  <system-out/>
</testsuite> <!-- testRunner.TestRunner -->
