<?xml version="1.0" encoding="UTF-8"?>
<!-- Generated by org.testng.reporters.JUnitReportReporter -->
<testsuite hostname="LRIN-QA-03" failures="0" tests="1" name="testRunner.TestRunner" time="17.646" errors="1" timestamp="2020-08-18T12:00:40 IST" skipped="0">
  <testcase classname="testRunner.TestRunner" name="runScenario" time="17.646">
    <error type="java.lang.NullPointerException">
      <![CDATA[java.lang.NullPointerException
at org.openqa.selenium.support.pagefactory.DefaultElementLocator.findElement(DefaultElementLocator.java:69)
at org.openqa.selenium.support.pagefactory.internal.LocatingElementHandler.invoke(LocatingElementHandler.java:38)
at com.sun.proxy.$Proxy14.clear(Unknown Source)
at pages.LoginPage.credential(LoginPage.java:28)
at utilities.TestBase.Login(TestBase.java:72)
at stepDefinitions.LoginSteps.enter_valid_email_and_password(LoginSteps.java:25)
at ✽.Enter valid email and password(file:///C:/Users/ManojSignh/Documents/DarwinBDD/src/test/resources/features/loginss.feature:24)
]]>
    </error>
  </testcase> <!-- runScenario -->
  <system-out/>
</testsuite> <!-- testRunner.TestRunner -->
